### ISSUE TITLE
--enable-wayland-ime로 chrome/vscode 실행시 SIGILL 받고 종료되는 문제

### ISSUE THREAD

**Issue by 1cekrim** [Riey/kime#672]
### 환경 정보
  - Kernel: 6.9.7-arch1-1 
  - kime 3.0.2 
  - DE: Hyprland v0.41.2 (commit 918d8340afd652b011b937d29d5eea0be08467f5)
```
KIME_API_VERSION: 7
Ok       Engine api version            
Found icon: /usr/share/icons/hicolor/64x64/apps/kime-hangul-black.png
Found icon: /usr/share/icons/hicolor/64x64/apps/kime-hangul-white.png
Found icon: /usr/share/icons/hicolor/64x64/apps/kime-latin-black.png
Found icon: /usr/share/icons/hicolor/64x64/apps/kime-latin-white.png
Ok       Check icons exists            
Ignore   Config file                   (User config does not exists will use default config)
Ok       Engine works                  
Ignore   XMODIFIERS has @im=kime       (Session type is wayland not x11)
Ok       GTK_IM_MODULE has kime        
Ok       QT_IM_MODULE has kime         
Ok       LANG has UTF-8          
```

```
❯ google-chrome-stable --version
Google Chrome 126.0.6478.126 
```

```
> code --version
1.91.0
ea1445cc7016315d0f5728f8e8b12a45dc0a7286
x64

Version: 1.91.0
Commit: ea1445cc7016315d0f5728f8e8b12a45dc0a7286
Date: 2024-07-01T18:52:41.959Z
Electron: 29.4.0
ElectronBuildId: 9728852
Chromium: 122.0.6261.156
Node.js: 20.9.0
V8: 12.2.281.27-electron.0
OS: Linux x64 6.9.7-arch1-1
```

### SIGILL 발생하는 상황

- kime-wayland가 실행중이고
- wayland 세션이고, env에 `ELECTRON_OZONE_PLATFORM_HINT=auto`가 있어 code/chrome 모두 wayland에서 동작하는 상태 (chrome://gpu에서 보면 wayland) 
- `code --enable-wayland-ime`와 같이 `--enable-wayland-ime`로 실행해서 kime가 사용되게 하면, 아래 조건에서 ud2로 인해 SIGILL 발생합니다
  - 영문 모드인 상태에서 electron 앱을 키고
    - 키보드 아무 키나 입력시 SIGILL (한영키 포함)
  - 한글 모드인 상태에서 electron 앱을 키고
    - 한글 입력: 잘 됨
    - 한글을 제외한 나머지 키(숫자, 백스페이스, 한영키 등): SIGILL 발생 
- 크로미움 제외하고 다른 wayland 앱에서는 문제가 없습니다
  - 크로미움만 죽고 kime-wayland는 멀쩡합니다
    - debug 빌드해서 RUST_BACKTRACE 주고 다 해봤는데 멀쩡하고 로그도 안남음  
  - 크로미움 문제일 수도? (fcitx5-hangul로 테스트해봤는데 괜찮긴 했습니다)
- 아래는 chrome 키고 `d` 문자 입력해서 터트린 로그입니다
```
❯ google-chrome-stable --enable-wayland-ime
[294451:294494:0705/003646.924359:ERROR:object_proxy.cc(576)] Failed to call method: org.freedesktop.DBus.Properties.Get: object_path= /org/freedesktop/portal/desktop: org.freedesktop.DBus.Error.InvalidArgs: No such interface “org.freedesktop.portal.FileChooser”
[294451:294494:0705/003646.924383:ERROR:select_file_dialog_linux_portal.cc(287)] Failed to read portal version property
[0705/003648.014601:ERROR:elf_dynamic_array_reader.h(64)] tag not found
fish: Job 1, 'google-chrome-stable --enable-w…' terminated by signal SIGILL (Illegal instruction)

❯ coredumpctl debug
           PID: 294451 (chrome)
           UID: 1000 (-)
           GID: 1000 (-)
        Signal: 4 (ILL)
     Timestamp: Fri 2024-07-05 00:36:48 KST (1min 48s ago)
  Command Line: $'/opt/google/chrome/chrome --enable-wayland-ime'
    Executable: /opt/google/chrome/chrome
 Control Group: /user.slice/user-1000.slice/user@1000.service/kitty-276605-0.scope
          Unit: user@1000.service
     User Unit: kitty-276605-0.scope
         Slice: user-1000.slice
     Owner UID: 1000 (-)
       Boot ID: 72273621b7ad4a8e99e5a874dab25425
    Machine ID: 5b1ad5ac7d7445f0918f075116bf29a6
      Hostname: archlinux
       Storage: /var/lib/systemd/coredump/core.chrome.1000.72273621b7ad4a8e99e5a874dab25425.294451.1720107408000000.zst (present)
  Size on Disk: 7.6M
       Message: Process 294451 (chrome) of user 1000 dumped core.
                
                Stack trace of thread 294451:
                #0  0x000061bdc0583e06 n/a (chrome + 0xa730e06)
                #1  0x000061bdbd19035a n/a (chrome + 0x733d35a)
                #2  0x000061bdbc99aa55 n/a (chrome + 0x6b47a55)
                #3  0x000061bdbc999fa9 n/a (chrome + 0x6b46fa9)
                #4  0x000061bdc057c7b5 n/a (chrome + 0xa7297b5)
                #5  0x000061bdc057aff2 n/a (chrome + 0xa727ff2)
                #6  0x000061bdc057a9ec n/a (chrome + 0xa7279ec)
                #7  0x000061bdbd1cb2c0 n/a (chrome + 0x73782c0)
                #8  0x000061bdbd1cbc2d n/a (chrome + 0x7378c2d)
                #9  0x0000770d2a797a89 n/a (libglib-2.0.so.0 + 0x5ca89)
                #10 0x0000770d2a7f99b7 n/a (libglib-2.0.so.0 + 0xbe9b7)
                #11 0x0000770d2a796f95 g_main_context_iteration (libglib-2.0.so.0 + 0x5bf95)
                #12 0x000061bdb88bf4d7 n/a (chrome + 0x2a6c4d7)
                #13 0x000061bdba5827f5 n/a (chrome + 0x472f7f5)
                #14 0x000061bdba581d3e n/a (chrome + 0x472ed3e)
                #15 0x000061bdbaa92486 n/a (chrome + 0x4c3f486)
                #16 0x000061bdbaa92200 n/a (chrome + 0x4c3f200)
                #17 0x000061bdbaa93f71 n/a (chrome + 0x4c40f71)
                #18 0x000061bdbb0a5fd5 n/a (chrome + 0x5252fd5)
                #19 0x000061bdbb0a53d8 ChromeMain (chrome + 0x52523d8)
                #20 0x0000770d29a86c88 n/a (libc.so.6 + 0x25c88)
                #21 0x0000770d29a86d4c __libc_start_main (libc.so.6 + 0x25d4c)
                #22 0x000061bdbc5d3aca _start (chrome + 0x6780aca)
                
                Stack trace of thread 294488:
                #0  0x0000770d29b5f963 wait4 (libc.so.6 + 0xfe963)
                #1  0x000061bdba306cfb n/a (chrome + 0x44b3cfb)
                #2  0x000061bdba3069dd n/a (chrome + 0x44b39dd)
                #3  0x000061bdb9116df2 n/a (chrome + 0x32c3df2)
                #4  0x0000770d29af3ded n/a (libc.so.6 + 0x92ded)
                #5  0x0000770d29b770dc n/a (libc.so.6 + 0x1160dc)
                
                Stack trace of thread 294490:
                #0  0x0000770d29b774e2 epoll_wait (libc.so.6 + 0x1164e2)
                #1  0x000061bdb93c8de3 n/a (chrome + 0x3575de3)
                #2  0x000061bdba5827f5 n/a (chrome + 0x472f7f5)
                #3  0x000061bdba581d3e n/a (chrome + 0x472ed3e)
                #4  0x000061bdba581ae8 n/a (chrome + 0x472eae8)
                #5  0x000061bdb9ef248c n/a (chrome + 0x409f48c)
                #6  0x000061bdb9116df2 n/a (chrome + 0x32c3df2)
                #7  0x0000770d29af3ded n/a (libc.so.6 + 0x92ded)
                #8  0x0000770d29b770dc n/a (libc.so.6 + 0x1160dc)
                
                Stack trace of thread 294482:
                #0  0x0000770d29b6939d __poll (libc.so.6 + 0x10839d)
                #1  0x000061bdbb09b4f0 n/a (chrome + 0x52484f0)
                #2  0x000061bdb9116df2 n/a (chrome + 0x32c3df2)
                #3  0x0000770d29af3ded n/a (libc.so.6 + 0x92ded)
                #4  0x0000770d29b770dc n/a (libc.so.6 + 0x1160dc)
                
                Stack trace of thread 294489:
                #0  0x0000770d29af04e9 n/a (libc.so.6 + 0x8f4e9)
                #1  0x0000770d29af3242 pthread_cond_timedwait (libc.so.6 + 0x92242)
                #2  0x000061bdb93cf00a n/a (chrome + 0x357c00a)
                #3  0x000061bdb93cdea9 n/a (chrome + 0x357aea9)
                #4  0x000061bdbf7e68c4 n/a (chrome + 0x99938c4)
                #5  0x000061bdb9116df2 n/a (chrome + 0x32c3df2)
                #6  0x0000770d29af3ded n/a (libc.so.6 + 0x92ded)
                #7  0x0000770d29b770dc n/a (libc.so.6 + 0x1160dc)
                
                Stack trace of thread 294507:
                #0  0x0000770d29af04e9 n/a (libc.so.6 + 0x8f4e9)
                #1  0x0000770d29af3242 pthread_cond_timedwait (libc.so.6 + 0x92242)
                #2  0x000061bdb93cf00a n/a (chrome + 0x357c00a)
                #3  0x000061bdb93ceced n/a (chrome + 0x357bced)
                #4  0x000061bdb88961e5 n/a (chrome + 0x2a431e5)
                #5  0x000061bdb8895e8d n/a (chrome + 0x2a42e8d)
                #6  0x000061bdb9273460 n/a (chrome + 0x3420460)
                #7  0x000061bdb9116df2 n/a (chrome + 0x32c3df2)
                #8  0x0000770d29af3ded n/a (libc.so.6 + 0x92ded)
                #9  0x0000770d29b770dc n/a (libc.so.6 + 0x1160dc)
                
                Stack trace of thread 294491:
                #0  0x0000770d29af04e9 n/a (libc.so.6 + 0x8f4e9)
                #1  0x0000770d29af3242 pthread_cond_timedwait (libc.so.6 + 0x92242)
                #2  0x000061bdb93cf00a n/a (chrome + 0x357c00a)
                #3  0x000061bdb93ceced n/a (chrome + 0x357bced)
                #4  0x000061bdb88961e5 n/a (chrome + 0x2a431e5)
                #5  0x000061bdb8895e8d n/a (chrome + 0x2a42e8d)
                #6  0x000061bdb9273460 n/a (chrome + 0x3420460)
                #7  0x000061bdb9116df2 n/a (chrome + 0x32c3df2)
                #8  0x0000770d29af3ded n/a (libc.so.6 + 0x92ded)
                #9  0x0000770d29b770dc n/a (libc.so.6 + 0x1160dc)
                
                Stack trace of thread 294495:
                #0  0x0000770d29af04e9 n/a (libc.so.6 + 0x8f4e9)
                #1  0x0000770d29af3242 pthread_cond_timedwait (libc.so.6 + 0x92242)
                #2  0x000061bdb93cf00a n/a (chrome + 0x357c00a)
                #3  0x000061bdb93ceced n/a (chrome + 0x357bced)
                #4  0x000061bdb88961e5 n/a (chrome + 0x2a431e5)
                #5  0x000061bdb8895e8d n/a (chrome + 0x2a42e8d)
                #6  0x000061bdb9273460 n/a (chrome + 0x3420460)
                #7  0x000061bdb9116df2 n/a (chrome + 0x32c3df2)
                #8  0x0000770d29af3ded n/a (libc.so.6 + 0x92ded)
                #9  0x0000770d29b770dc n/a (libc.so.6 + 0x1160dc)
                
                Stack trace of thread 294494:
                #0  0x0000770d29af04e9 n/a (libc.so.6 + 0x8f4e9)
                #1  0x0000770d29af3242 pthread_cond_timedwait (libc.so.6 + 0x92242)
                #2  0x000061bdb93cf00a n/a (chrome + 0x357c00a)
                #3  0x000061bdb93ceced n/a (chrome + 0x357bced)
                #4  0x000061bdb88961e5 n/a (chrome + 0x2a431e5)
                #5  0x000061bdb927354d n/a (chrome + 0x342054d)
                #6  0x000061bdb927349c n/a (chrome + 0x342049c)
                #7  0x000061bdb9116df2 n/a (chrome + 0x32c3df2)
                #8  0x0000770d29af3ded n/a (libc.so.6 + 0x92ded)
                #9  0x0000770d29b770dc n/a (libc.so.6 + 0x1160dc)
                
                Stack trace of thread 294498:
                #0  0x0000770d29af04e9 n/a (libc.so.6 + 0x8f4e9)
                #1  0x0000770d29af3242 pthread_cond_timedwait (libc.so.6 + 0x92242)
                #2  0x000061bdb93cf00a n/a (chrome + 0x357c00a)
                #3  0x000061bdb93cc10b n/a (chrome + 0x357910b)
                #4  0x000061bdba5827f5 n/a (chrome + 0x472f7f5)
                #5  0x000061bdba581d3e n/a (chrome + 0x472ed3e)
                #6  0x000061bdba581b48 n/a (chrome + 0x472eb48)
                #7  0x000061bdb9ef248c n/a (chrome + 0x409f48c)
                #8  0x000061bdb9116df2 n/a (chrome + 0x32c3df2)
                #9  0x0000770d29af3ded n/a (libc.so.6 + 0x92ded)
                #10 0x0000770d29b770dc n/a (libc.so.6 + 0x1160dc)
                
                Stack trace of thread 294497:
                #0  0x0000770d29b774e2 epoll_wait (libc.so.6 + 0x1164e2)
                #1  0x000061bdb93c8de3 n/a (chrome + 0x3575de3)
                #2  0x000061bdba5827f5 n/a (chrome + 0x472f7f5)
                #3  0x000061bdba581d3e n/a (chrome + 0x472ed3e)
                #4  0x000061bdba5840d9 n/a (chrome + 0x47310d9)
                #5  0x000061bdb9ef248c n/a (chrome + 0x409f48c)
                #6  0x000061bdb9116df2 n/a (chrome + 0x32c3df2)
                #7  0x0000770d29af3ded n/a (libc.so.6 + 0x92ded)
                #8  0x0000770d29b770dc n/a (libc.so.6 + 0x1160dc)
                
                Stack trace of thread 294492:
                #0  0x0000770d29af04e9 n/a (libc.so.6 + 0x8f4e9)
                #1  0x0000770d29af3242 pthread_cond_timedwait (libc.so.6 + 0x92242)
                #2  0x000061bdb93cf00a n/a (chrome + 0x357c00a)
                #3  0x000061bdb93ceced n/a (chrome + 0x357bced)
                #4  0x000061bdb88961e5 n/a (chrome + 0x2a431e5)
                #5  0x000061bdb8895e8d n/a (chrome + 0x2a42e8d)
                #6  0x000061bdb9273460 n/a (chrome + 0x3420460)
                #7  0x000061bdb9116df2 n/a (chrome + 0x32c3df2)
                #8  0x0000770d29af3ded n/a (libc.so.6 + 0x92ded)
                #9  0x0000770d29b770dc n/a (libc.so.6 + 0x1160dc)
                
                Stack trace of thread 294493:
                #0  0x0000770d29b6939d __poll (libc.so.6 + 0x10839d)
                #1  0x000061bdbc0790f3 n/a (chrome + 0x62260f3)
                #2  0x000061bdb9116df2 n/a (chrome + 0x32c3df2)
                #3  0x0000770d29af3ded n/a (libc.so.6 + 0x92ded)
                #4  0x0000770d29b770dc n/a (libc.so.6 + 0x1160dc)
                
                Stack trace of thread 294496:
                #0  0x0000770d29af04e9 n/a (libc.so.6 + 0x8f4e9)
                #1  0x0000770d29af3242 pthread_cond_timedwait (libc.so.6 + 0x92242)
                #2  0x000061bdb93cf00a n/a (chrome + 0x357c00a)
                #3  0x000061bdb93ceced n/a (chrome + 0x357bced)
                #4  0x000061bdb88961e5 n/a (chrome + 0x2a431e5)
                #5  0x000061bdb8895e8d n/a (chrome + 0x2a42e8d)
                #6  0x000061bdb9273460 n/a (chrome + 0x3420460)
                #7  0x000061bdb9116df2 n/a (chrome + 0x32c3df2)
                #8  0x0000770d29af3ded n/a (libc.so.6 + 0x92ded)
                #9  0x0000770d29b770dc n/a (libc.so.6 + 0x1160dc)
                
                Stack trace of thread 294503:
                #0  0x0000770d29b6939d __poll (libc.so.6 + 0x10839d)
                #1  0x0000770d2a7f98fd n/a (libglib-2.0.so.0 + 0xbe8fd)
                #2  0x0000770d2a798787 g_main_loop_run (libglib-2.0.so.0 + 0x5d787)
                #3  0x0000770d2a369494 n/a (libgio-2.0.so.0 + 0x112494)
                #4  0x0000770d2a7c7236 n/a (libglib-2.0.so.0 + 0x8c236)
                #5  0x0000770d29af3ded n/a (libc.so.6 + 0x92ded)
                #6  0x0000770d29b770dc n/a (libc.so.6 + 0x1160dc)
                
                Stack trace of thread 294504:
                #0  0x0000770d29b774e2 epoll_wait (libc.so.6 + 0x1164e2)
                #1  0x000061bdb93c8de3 n/a (chrome + 0x3575de3)
                #2  0x000061bdba5827f5 n/a (chrome + 0x472f7f5)
                #3  0x000061bdba581d3e n/a (chrome + 0x472ed3e)
                #4  0x000061bdba581b48 n/a (chrome + 0x472eb48)
                #5  0x000061bdb9ef248c n/a (chrome + 0x409f48c)
                #6  0x000061bdb9116df2 n/a (chrome + 0x32c3df2)
                #7  0x0000770d29af3ded n/a (libc.so.6 + 0x92ded)
                #8  0x0000770d29b770dc n/a (libc.so.6 + 0x1160dc)
                
                Stack trace of thread 294529:
                #0  0x0000770d29b74e9d syscall (libc.so.6 + 0x113e9d)
                #1  0x0000770d2a7f29e0 g_cond_wait (libglib-2.0.so.0 + 0xb79e0)
                #2  0x0000770d2a7608dc n/a (libglib-2.0.so.0 + 0x258dc)
                #3  0x0000770d2a76094d g_async_queue_pop (libglib-2.0.so.0 + 0x2594d)
                #4  0x0000770d27a925fc n/a (libpangoft2-1.0.so.0 + 0xc5fc)
                #5  0x0000770d2a7c7236 n/a (libglib-2.0.so.0 + 0x8c236)
                #6  0x0000770d29af3ded n/a (libc.so.6 + 0x92ded)
                #7  0x0000770d29b770dc n/a (libc.so.6 + 0x1160dc)
                
                Stack trace of thread 294506:
                #0  0x0000770d29af04e9 n/a (libc.so.6 + 0x8f4e9)
                #1  0x0000770d29af3242 pthread_cond_timedwait (libc.so.6 + 0x92242)
                #2  0x000061bdb93cf00a n/a (chrome + 0x357c00a)
                #3  0x000061bdb93ceced n/a (chrome + 0x357bced)
                #4  0x000061bdb88961e5 n/a (chrome + 0x2a431e5)
                #5  0x000061bdb8895e8d n/a (chrome + 0x2a42e8d)
                #6  0x000061bdb9273460 n/a (chrome + 0x3420460)
                #7  0x000061bdb9116df2 n/a (chrome + 0x32c3df2)
                #8  0x0000770d29af3ded n/a (libc.so.6 + 0x92ded)
                #9  0x0000770d29b770dc n/a (libc.so.6 + 0x1160dc)
                
                Stack trace of thread 294567:
                #0  0x0000770d29b774e2 epoll_wait (libc.so.6 + 0x1164e2)
                #1  0x000061bdb93c8de3 n/a (chrome + 0x3575de3)
                #2  0x000061bdba5827f5 n/a (chrome + 0x472f7f5)
                #3  0x000061bdba581d3e n/a (chrome + 0x472ed3e)
                #4  0x000061bdba581b48 n/a (chrome + 0x472eb48)
                #5  0x000061bdb9ef248c n/a (chrome + 0x409f48c)
                #6  0x000061bdb9116df2 n/a (chrome + 0x32c3df2)
                #7  0x0000770d29af3ded n/a (libc.so.6 + 0x92ded)
                #8  0x0000770d29b770dc n/a (libc.so.6 + 0x1160dc)
                
                Stack trace of thread 294505:
                #0  0x0000770d29b699ba read (libc.so.6 + 0x1089ba)
                #1  0x000061bdbac0798c n/a (chrome + 0x4db498c)
                #2  0x000061bdb9116df2 n/a (chrome + 0x32c3df2)
                #3  0x0000770d29af3ded n/a (libc.so.6 + 0x92ded)
                #4  0x0000770d29b770dc n/a (libc.so.6 + 0x1160dc)
                
                Stack trace of thread 294510:
                #0  0x0000770d29b774e2 epoll_wait (libc.so.6 + 0x1164e2)
                #1  0x000061bdb93c8de3 n/a (chrome + 0x3575de3)
                #2  0x000061bdba5827f5 n/a (chrome + 0x472f7f5)
                #3  0x000061bdba581d3e n/a (chrome + 0x472ed3e)
                #4  0x000061bdba581b48 n/a (chrome + 0x472eb48)
                #5  0x000061bdb9ef248c n/a (chrome + 0x409f48c)
                #6  0x000061bdb9116df2 n/a (chrome + 0x32c3df2)
                #7  0x0000770d29af3ded n/a (libc.so.6 + 0x92ded)
                #8  0x0000770d29b770dc n/a (libc.so.6 + 0x1160dc)
                
                Stack trace of thread 294501:
                #0  0x0000770d29b74e9d syscall (libc.so.6 + 0x113e9d)
                #1  0x0000770d2a7f3337 g_cond_wait_until (libglib-2.0.so.0 + 0xb8337)
                #2  0x0000770d2a7608a5 n/a (libglib-2.0.so.0 + 0x258a5)
                #3  0x0000770d2a760a18 g_async_queue_timeout_pop (libglib-2.0.so.0 + 0x25a18)
                #4  0x0000770d2a7cd080 n/a (libglib-2.0.so.0 + 0x92080)
                #5  0x0000770d2a7c7236 n/a (libglib-2.0.so.0 + 0x8c236)
                #6  0x0000770d29af3ded n/a (libc.so.6 + 0x92ded)
                #7  0x0000770d29b770dc n/a (libc.so.6 + 0x1160dc)
                
                Stack trace of thread 294500:
                #0  0x0000770d29b6939d __poll (libc.so.6 + 0x10839d)
                #1  0x0000770d2a7f98fd n/a (libglib-2.0.so.0 + 0xbe8fd)
                #2  0x0000770d2a796f95 g_main_context_iteration (libglib-2.0.so.0 + 0x5bf95)
                #3  0x0000770d2a796fea n/a (libglib-2.0.so.0 + 0x5bfea)
                #4  0x0000770d2a7c7236 n/a (libglib-2.0.so.0 + 0x8c236)
                #5  0x0000770d29af3ded n/a (libc.so.6 + 0x92ded)
                #6  0x0000770d29b770dc n/a (libc.so.6 + 0x1160dc)
                
                Stack trace of thread 294502:
                #0  0x0000770d29b6939d __poll (libc.so.6 + 0x10839d)
                #1  0x0000770d2a7f98fd n/a (libglib-2.0.so.0 + 0xbe8fd)
                #2  0x0000770d2a796f95 g_main_context_iteration (libglib-2.0.so.0 + 0x5bf95)
                #3  0x0000770d27aacfde n/a (libdconfsettings.so + 0x5fde)
                #4  0x0000770d2a7c7236 n/a (libglib-2.0.so.0 + 0x8c236)
                #5  0x0000770d29af3ded n/a (libc.so.6 + 0x92ded)
                #6  0x0000770d29b770dc n/a (libc.so.6 + 0x1160dc)
                
                Stack trace of thread 294512:
                #0  0x0000770d29af04e9 n/a (libc.so.6 + 0x8f4e9)
                #1  0x0000770d29af2ed9 pthread_cond_wait (libc.so.6 + 0x91ed9)
                #2  0x000061bdb93cf7f7 n/a (chrome + 0x357c7f7)
                #3  0x000061bdb93cc09d n/a (chrome + 0x357909d)
                #4  0x000061bdba5827f5 n/a (chrome + 0x472f7f5)
                #5  0x000061bdba581d3e n/a (chrome + 0x472ed3e)
                #6  0x000061bdba581b48 n/a (chrome + 0x472eb48)
                #7  0x000061bdb9ef248c n/a (chrome + 0x409f48c)
                #8  0x000061bdb9116df2 n/a (chrome + 0x32c3df2)
                #9  0x0000770d29af3ded n/a (libc.so.6 + 0x92ded)
                #10 0x0000770d29b770dc n/a (libc.so.6 + 0x1160dc)
                
                Stack trace of thread 294511:
                #0  0x0000770d29af04e9 n/a (libc.so.6 + 0x8f4e9)
                #1  0x0000770d29af2ed9 pthread_cond_wait (libc.so.6 + 0x91ed9)
                #2  0x000061bdb93cff86 n/a (chrome + 0x357cf86)
                #3  0x000061bdb8c24dff n/a (chrome + 0x2dd1dff)
                #4  0x000061bdb9116df2 n/a (chrome + 0x32c3df2)
                #5  0x0000770d29af3ded n/a (libc.so.6 + 0x92ded)
                #6  0x0000770d29b770dc n/a (libc.so.6 + 0x1160dc)
                
                Stack trace of thread 294508:
                #0  0x0000770d29af04e9 n/a (libc.so.6 + 0x8f4e9)
                #1  0x0000770d29af3242 pthread_cond_timedwait (libc.so.6 + 0x92242)
                #2  0x000061bdb93cf00a n/a (chrome + 0x357c00a)
                #3  0x000061bdb93ceced n/a (chrome + 0x357bced)
                #4  0x000061bdb88961e5 n/a (chrome + 0x2a431e5)
                #5  0x000061bdb8895e8d n/a (chrome + 0x2a42e8d)
                #6  0x000061bdb9273460 n/a (chrome + 0x3420460)
                #7  0x000061bdb9116df2 n/a (chrome + 0x32c3df2)
                #8  0x0000770d29af3ded n/a (libc.so.6 + 0x92ded)
                #9  0x0000770d29b770dc n/a (libc.so.6 + 0x1160dc)
                
                Stack trace of thread 294525:
                #0  0x0000770d29af04e9 n/a (libc.so.6 + 0x8f4e9)
                #1  0x0000770d29af3242 pthread_cond_timedwait (libc.so.6 + 0x92242)
                #2  0x000061bdb93cf00a n/a (chrome + 0x357c00a)
                #3  0x000061bdb93ceced n/a (chrome + 0x357bced)
                #4  0x000061bdb88961e5 n/a (chrome + 0x2a431e5)
                #5  0x000061bdb8895e8d n/a (chrome + 0x2a42e8d)
                #6  0x000061bdb9273460 n/a (chrome + 0x3420460)
                #7  0x000061bdb9116df2 n/a (chrome + 0x32c3df2)
                #8  0x0000770d29af3ded n/a (libc.so.6 + 0x92ded)
                #9  0x0000770d29b770dc n/a (libc.so.6 + 0x1160dc)
                
                Stack trace of thread 294499:
                #0  0x0000770d29b74e9d syscall (libc.so.6 + 0x113e9d)
                #1  0x0000770d2a7f29e0 g_cond_wait (libglib-2.0.so.0 + 0xb79e0)
                #2  0x0000770d2a7608dc n/a (libglib-2.0.so.0 + 0x258dc)
                #3  0x0000770d2a7cc687 n/a (libglib-2.0.so.0 + 0x91687)
                #4  0x0000770d2a7c7236 n/a (libglib-2.0.so.0 + 0x8c236)
                #5  0x0000770d29af3ded n/a (libc.so.6 + 0x92ded)
                #6  0x0000770d29b770dc n/a (libc.so.6 + 0x1160dc)
                
                Stack trace of thread 294517:
                #0  0x0000770d29af04e9 n/a (libc.so.6 + 0x8f4e9)
                #1  0x0000770d29af3242 pthread_cond_timedwait (libc.so.6 + 0x92242)
                #2  0x000061bdb93cf00a n/a (chrome + 0x357c00a)
                #3  0x000061bdb93ceced n/a (chrome + 0x357bced)
                #4  0x000061bdb88961e5 n/a (chrome + 0x2a431e5)
                #5  0x000061bdb927354d n/a (chrome + 0x342054d)
                #6  0x000061bdb927349c n/a (chrome + 0x342049c)
                #7  0x000061bdb9116df2 n/a (chrome + 0x32c3df2)
                #8  0x0000770d29af3ded n/a (libc.so.6 + 0x92ded)
                #9  0x0000770d29b770dc n/a (libc.so.6 + 0x1160dc)
                
                Stack trace of thread 294518:
                #0  0x0000770d29af04e9 n/a (libc.so.6 + 0x8f4e9)
                #1  0x0000770d29af3242 pthread_cond_timedwait (libc.so.6 + 0x92242)
                #2  0x000061bdb93cf00a n/a (chrome + 0x357c00a)
                #3  0x000061bdb93ceced n/a (chrome + 0x357bced)
                #4  0x000061bdb88961e5 n/a (chrome + 0x2a431e5)
                #5  0x000061bdb8895e8d n/a (chrome + 0x2a42e8d)
                #6  0x000061bdb9273460 n/a (chrome + 0x3420460)
                #7  0x000061bdb9116df2 n/a (chrome + 0x32c3df2)
                #8  0x0000770d29af3ded n/a (libc.so.6 + 0x92ded)
                #9  0x0000770d29b770dc n/a (libc.so.6 + 0x1160dc)
                
                Stack trace of thread 294509:
                #0  0x0000770d29af04e9 n/a (libc.so.6 + 0x8f4e9)
                #1  0x0000770d29af3242 pthread_cond_timedwait (libc.so.6 + 0x92242)
                #2  0x000061bdb93cf00a n/a (chrome + 0x357c00a)
                #3  0x000061bdb93ceced n/a (chrome + 0x357bced)
                #4  0x000061bdb88961e5 n/a (chrome + 0x2a431e5)
                #5  0x000061bdb927357d n/a (chrome + 0x342057d)
                #6  0x000061bdb92734ab n/a (chrome + 0x34204ab)
                #7  0x000061bdb9116df2 n/a (chrome + 0x32c3df2)
                #8  0x0000770d29af3ded n/a (libc.so.6 + 0x92ded)
                #9  0x0000770d29b770dc n/a (libc.so.6 + 0x1160dc)
                
                Stack trace of thread 294519:
                #0  0x0000770d29af04e9 n/a (libc.so.6 + 0x8f4e9)
                #1  0x0000770d29af3242 pthread_cond_timedwait (libc.so.6 + 0x92242)
                #2  0x000061bdb93cf00a n/a (chrome + 0x357c00a)
                #3  0x000061bdb93ceced n/a (chrome + 0x357bced)
                #4  0x000061bdb88961e5 n/a (chrome + 0x2a431e5)
                #5  0x000061bdb8895e8d n/a (chrome + 0x2a42e8d)
                #6  0x000061bdb9273460 n/a (chrome + 0x3420460)
                #7  0x000061bdb9116df2 n/a (chrome + 0x32c3df2)
                #8  0x0000770d29af3ded n/a (libc.so.6 + 0x92ded)
                #9  0x0000770d29b770dc n/a (libc.so.6 + 0x1160dc)
                
                Stack trace of thread 294522:
                #0  0x0000770d29af04e9 n/a (libc.so.6 + 0x8f4e9)
                #1  0x0000770d29af3242 pthread_cond_timedwait (libc.so.6 + 0x92242)
                #2  0x000061bdb93cf00a n/a (chrome + 0x357c00a)
                #3  0x000061bdb93ceced n/a (chrome + 0x357bced)
                #4  0x000061bdb88961e5 n/a (chrome + 0x2a431e5)
                #5  0x000061bdb8895e8d n/a (chrome + 0x2a42e8d)
                #6  0x000061bdb9273460 n/a (chrome + 0x3420460)
                #7  0x000061bdb9116df2 n/a (chrome + 0x32c3df2)
                #8  0x0000770d29af3ded n/a (libc.so.6 + 0x92ded)
                #9  0x0000770d29b770dc n/a (libc.so.6 + 0x1160dc)
                
                Stack trace of thread 294528:
                #0  0x0000770d29af04e9 n/a (libc.so.6 + 0x8f4e9)
                #1  0x0000770d29af3242 pthread_cond_timedwait (libc.so.6 + 0x92242)
                #2  0x000061bdb93cf00a n/a (chrome + 0x357c00a)
                #3  0x000061bdb93ceced n/a (chrome + 0x357bced)
                #4  0x000061bdb88961e5 n/a (chrome + 0x2a431e5)
                #5  0x000061bdb8895e8d n/a (chrome + 0x2a42e8d)
                #6  0x000061bdb9273460 n/a (chrome + 0x3420460)
                #7  0x000061bdb9116df2 n/a (chrome + 0x32c3df2)
                #8  0x0000770d29af3ded n/a (libc.so.6 + 0x92ded)
                #9  0x0000770d29b770dc n/a (libc.so.6 + 0x1160dc)
                ELF object binary architecture: AMD x86-64


gef➤  r --enable-wayland-ime
Starting program: /opt/google/chrome/chrome --enable-wayland-ime

[ Legend: Modified register | Code | Heap | Stack | String ]
───────────────────────────────────────────────────────────────────────────────────────── registers ────
$rax   : 0x100000000       
$rbx   : 0x000009d8010671d8  →  0x0000555500000064 ("d"?)
$rcx   : 0x1               
$rdx   : 0x0               
$rsp   : 0x00007fffffffce40  →  0x000009d802c87f00  →  0xc070c80200000000
$rbp   : 0x00007fffffffce70  →  0x00007fffffffcf30  →  0x00007fffffffcf90  →  0x00007fffffffcfa0  →  0x0000000000000000
$rsi   : 0xa               
$rdi   : 0x000009d8010671d8  →  0x0000555500000064 ("d"?)
$rip   : 0x000055555fc848c6  →   ud2 
$r8    : 0x1               
$r9    : 0x0               
$r10   : 0x00007fffffffce80  →  0x0000000000000000
$r11   : 0x000009d8010671d8  →  0x0000555500000064 ("d"?)
$r12   : 0x000009d8010671f8  →  0x0000000100000001
$r13   : 0x000009d80270878c  →  0x0000000100000001
$r14   : 0x00007fffffffce80  →  0x0000000000000000
$r15   : 0x1               
$eflags: [zero carry parity adjust sign trap INTERRUPT direction overflow RESUME virtualx86 identification]
$cs: 0x33 $ss: 0x2b $ds: 0x00 $es: 0x00 $fs: 0x00 $gs: 0x00 
───────────────────────────────────────────────────────────────────────────────────────────── stack ────
0x00007fffffffce40│+0x0000: 0x000009d802c87f00  →  0xc070c80200000000	← $rsp
0x00007fffffffce48│+0x0008: 0x000009d801067100  →  0x000055556366a020  →  0x000055555c88fee0  →   push rbp
0x00007fffffffce50│+0x0010: 0x000009d801067100  →  0x000055556366a020  →  0x000055555c88fee0  →   push rbp
0x00007fffffffce58│+0x0018: 0x000009d8001421b0  →  0x0000000100000000
0x00007fffffffce60│+0x0020: 0x00007fffffffce80  →  0x0000000000000000
0x00007fffffffce68│+0x0028: 0x0000000000000000
0x00007fffffffce70│+0x0030: 0x00007fffffffcf30  →  0x00007fffffffcf90  →  0x00007fffffffcfa0  →  0x0000000000000000	← $rbp
0x00007fffffffce78│+0x0038: 0x000055555c8910ae  →   mov rdi, QWORD PTR [rbx+0x40]
─────────────────────────────────────────────────────────────────────────────────────── code:x86:64 ────
   0x55555fc848c2                  pop    r15
   0x55555fc848c4                  pop    rbp
   0x55555fc848c5                  ret    
 → 0x55555fc848c6                  ud2    
   0x55555fc848c8                  int3   
   0x55555fc848c9                  int3   
   0x55555fc848ca                  int3   
   0x55555fc848cb                  int3   
   0x55555fc848cc                  int3   
─────────────────────────────────────────────────────────────────────────────────────────── threads ────
[#0] Id 1, Name: "chrome", stopped 0x55555fc848c6 in ?? (), reason: SIGILL
[#1] Id 6, Name: "ThreadPoolForeg", stopped 0x7ffff719e4e9 in ?? (), reason: SIGILL
[#2] Id 9, Name: "ThreadPoolSingl", stopped 0x7ffff719e4e9 in ?? (), reason: SIGILL
[#3] Id 12, Name: "MemoryInfra", stopped 0x7ffff719e4e9 in ?? (), reason: SIGILL
[#4] Id 2, Name: "sandbox_ipc_thr", stopped 0x7ffff721739d in poll (), reason: SIGILL
[#5] Id 3, Name: "chrome", stopped 0x7ffff720d963 in wait4 (), reason: SIGILL
[#6] Id 4, Name: "HangWatcher", stopped 0x7ffff719e4e9 in ?? (), reason: SIGILL
[#7] Id 20, Name: "ThreadPoolForeg", stopped 0x7ffff719e4e9 in ?? (), reason: SIGILL
[#8] Id 26, Name: "CacheThread_Blo", stopped 0x7ffff72254e2 in epoll_wait (), reason: SIGILL
[#9] Id 33, Name: "ThreadPoolForeg", stopped 0x7ffff719e4e9 in ?? (), reason: SIGILL
[#10] Id 5, Name: "ThreadPoolServi", stopped 0x7ffff72254e2 in epoll_wait (), reason: SIGILL
[#11] Id 7, Name: "ThreadPoolForeg", stopped 0x7ffff719e4e9 in ?? (), reason: SIGILL
[#12] Id 8, Name: "ThreadPoolForeg", stopped 0x7ffff719e4e9 in ?? (), reason: SIGILL
[#13] Id 10, Name: "Chrome_IOThread", stopped 0x7ffff72254e2 in epoll_wait (), reason: SIGILL
[#14] Id 11, Name: "inotify_reader", stopped 0x7ffff721739d in poll (), reason: SIGILL
[#15] Id 13, Name: "pool-spawner", stopped 0x7ffff7222e9d in syscall (), reason: SIGILL
[#16] Id 18, Name: "Bluez D-Bus thr", stopped 0x7ffff72254e2 in epoll_wait (), reason: SIGILL
[#17] Id 14, Name: "gmain", stopped 0x7ffff721739d in poll (), reason: SIGILL
[#18] Id 32, Name: "ThreadPoolForeg", stopped 0x7ffff719e4e9 in ?? (), reason: SIGILL
[#19] Id 15, Name: "pool-chrome", stopped 0x7ffff7222e9d in syscall (), reason: SIGILL
[#20] Id 16, Name: "gdbus", stopped 0x7ffff721739d in poll (), reason: SIGILL
[#21] Id 19, Name: "CrShutdownDetec", stopped 0x7ffff72179ba in read (), reason: SIGILL
[#22] Id 17, Name: "dconf worker", stopped 0x7ffff721739d in poll (), reason: SIGILL
[#23] Id 21, Name: "ThreadPoolForeg", stopped 0x7ffff719e4e9 in ?? (), reason: SIGILL
[#24] Id 22, Name: "ThreadPoolForeg", stopped 0x7ffff719e4e9 in ?? (), reason: SIGILL
[#25] Id 35, Name: "BatteryStatusNo", stopped 0x7ffff72254e2 in epoll_wait (), reason: SIGILL
[#26] Id 23, Name: "ThreadPoolForeg", stopped 0x7ffff719e4e9 in ?? (), reason: SIGILL
[#27] Id 24, Name: "ThreadPoolForeg", stopped 0x7ffff719e4e9 in ?? (), reason: SIGILL
[#28] Id 25, Name: "ThreadPoolSingl", stopped 0x7ffff719e4e9 in ?? (), reason: SIGILL
[#29] Id 27, Name: "CompositorTileW", stopped 0x7ffff719e4e9 in ?? (), reason: SIGILL
[#30] Id 28, Name: "VideoCaptureThr", stopped 0x7ffff719e4e9 in ?? (), reason: SIGILL
[#31] Id 29, Name: "ThreadPoolSingl", stopped 0x7ffff719e4e9 in ?? (), reason: SIGILL
[#32] Id 30, Name: "ThreadPoolForeg", stopped 0x7ffff719e4e9 in ?? (), reason: SIGILL
[#33] Id 31, Name: "ThreadPoolForeg", stopped 0x7ffff719e4e9 in ?? (), reason: SIGILL
[#34] Id 34, Name: "chrome", stopped 0x7ffff7222e9d in syscall (), reason: SIGILL
───────────────────────────────────────────────────────────────────────────────────────────── trace ────
[#0] 0x55555fc848c6 → ud2 
[#1] 0x9d802c87f00 → add BYTE PTR [rax], al
[#2] 0x9d801067100 → and BYTE PTR [rax+0x55556366], ah
[#3] 0x9d801067100 → and BYTE PTR [rax+0x55556366], ah
[#4] 0x9d8001421b0 → add BYTE PTR [rax], al
[#5] 0x7fffffffce80 → add BYTE PTR [rax], al
────────────────────────────────────────────────────────────────────────────────────────────────────────

```

**Comment by 1cekrim** [comment]
따로 설정해 놓은 건 없습니다 (`~/.config/kime` 디렉토리도 만들지 않았습니다)
혹시 몰라서 /usr/share... 에 있는 default_config.yaml 파일 해당 위치로 복사해서 다시 실행해 보았는데도 똑같이 문제가 발생했습니다. global_level: TRACE로 해도 kime-wayland쪽에 따로 로그가 뜨는 것도 없고요

크롬 아래처럼 실행했습니다

`google-chrome-stable  --enable-features=UseOzonePlatform,WebRTCPipeWireCapturer --ozone-platform=wayland  --gtk-version=4 --enable-wayland-ime`

**Comment by OctopusET** [comment]
--gtk-version=4 옵션을 제외해 보시겠어요?

**Comment by 1cekrim** [comment]
제외해도 동일합니다

**Comment by 1cekrim** [comment]
디버깅 로그들 좀 찾아보니 https://issues.chromium.org/issues/40263583 크로미움 쪽 버그로 나오네요
크로미움 최신 스냅샷 받아서 확인해보니 문제없이 잘 됩니다. electron 버전 올라가기를 기다리면 될 것 같네요
확인 감사합니다 이슈 닫겠습니다
